2025-09-17T12:06:18.329+02:00  INFO 20840 --- [safetynet] [main] c.o.safetynet.ChildAlertServiceTest      : Starting ChildAlertServiceTest using Java 22 with PID 20840 (started by Samuel in C:\Users\Samuel\Documents\JAVA\safetynet)
2025-09-17T12:06:18.332+02:00 DEBUG 20840 --- [safetynet] [main] c.o.safetynet.ChildAlertServiceTest      : Running with Spring Boot v3.5.5, Spring v6.2.10
2025-09-17T12:06:18.333+02:00  INFO 20840 --- [safetynet] [main] c.o.safetynet.ChildAlertServiceTest      : No active profile set, falling back to 1 default profile: "default"
2025-09-17T12:06:20.268+02:00  WARN 20840 --- [safetynet] [main] ion$DefaultTemplateResolverConfiguration : Cannot find template location: classpath:/templates/ (please add some templates, check your Thymeleaf configuration, or set spring.thymeleaf.check-template-location=false)
2025-09-17T12:06:20.370+02:00  INFO 20840 --- [safetynet] [main] c.o.safetynet.ChildAlertServiceTest      : Started ChildAlertServiceTest in 2.598 seconds (process running for 4.453)
2025-09-17T12:06:21.658+02:00  INFO 20840 --- [safetynet] [main] o.s.mock.web.MockServletContext          : Initializing Spring TestDispatcherServlet ''
2025-09-17T12:06:21.659+02:00  INFO 20840 --- [safetynet] [main] o.s.t.web.servlet.TestDispatcherServlet  : Initializing Servlet ''
2025-09-17T12:06:21.660+02:00  INFO 20840 --- [safetynet] [main] o.s.t.web.servlet.TestDispatcherServlet  : Completed initialization in 0 ms
2025-09-17T12:06:21.879+02:00  INFO 20840 --- [safetynet] [main] c.o.s.controller.PersonController        : PUT method called with lastName=Smith
2025-09-17T12:06:21.963+02:00  INFO 20840 --- [safetynet] [main] o.s.mock.web.MockServletContext          : Initializing Spring TestDispatcherServlet ''
2025-09-17T12:06:21.963+02:00  INFO 20840 --- [safetynet] [main] o.s.t.web.servlet.TestDispatcherServlet  : Initializing Servlet ''
2025-09-17T12:06:21.963+02:00  INFO 20840 --- [safetynet] [main] o.s.t.web.servlet.TestDispatcherServlet  : Completed initialization in 0 ms
2025-09-17T12:06:21.978+02:00  INFO 20840 --- [safetynet] [main] c.o.s.controller.PersonController        : GET method called with lastName=Doe
2025-09-17T12:06:22.103+02:00  INFO 20840 --- [safetynet] [main] t.c.s.AnnotationConfigContextLoaderUtils : Could not detect default configuration classes for test class [com.openclassrooms.safetynet.integration.RootRepositoryTest]: RootRepositoryTest does not declare any static, non-private, non-final, nested classes annotated with @Configuration.
2025-09-17T12:06:22.120+02:00  INFO 20840 --- [safetynet] [main] .b.t.c.SpringBootTestContextBootstrapper : Found @SpringBootConfiguration com.openclassrooms.safetynet.SafetynetApplication for test class com.openclassrooms.safetynet.integration.RootRepositoryTest
2025-09-17T12:06:22.608+02:00 ERROR 20840 --- [safetynet] [main] c.o.safetynet.repository.RootRepository  : File data.json not found, reading from the original file in resources.
2025-09-17T12:06:22.696+02:00  INFO 20840 --- [safetynet] [main] t.c.s.AnnotationConfigContextLoaderUtils : Could not detect default configuration classes for test class [com.openclassrooms.safetynet.RootRepositoryTest]: RootRepositoryTest does not declare any static, non-private, non-final, nested classes annotated with @Configuration.
2025-09-17T12:06:22.698+02:00  INFO 20840 --- [safetynet] [main] .b.t.c.SpringBootTestContextBootstrapper : Found @SpringBootConfiguration com.openclassrooms.safetynet.SafetynetApplication for test class com.openclassrooms.safetynet.RootRepositoryTest
2025-09-17T12:06:22.747+02:00 ERROR 20840 --- [safetynet] [main] c.o.safetynet.repository.RootRepository  : File data.json not found, reading from the original file in resources.
2025-09-17T12:06:22.812+02:00  INFO 20840 --- [safetynet] [main] t.c.s.AnnotationConfigContextLoaderUtils : Could not detect default configuration classes for test class [com.openclassrooms.safetynet.SafetynetApplicationTests]: SafetynetApplicationTests does not declare any static, non-private, non-final, nested classes annotated with @Configuration.
2025-09-17T12:06:22.814+02:00  INFO 20840 --- [safetynet] [main] .b.t.c.SpringBootTestContextBootstrapper : Found @SpringBootConfiguration com.openclassrooms.safetynet.SafetynetApplication for test class com.openclassrooms.safetynet.SafetynetApplicationTests
2025-09-17T12:32:07.783+02:00  INFO 16540 --- [safetynet] [main] c.o.safetynet.ChildAlertServiceTest      : Starting ChildAlertServiceTest using Java 22 with PID 16540 (started by Samuel in C:\Users\Samuel\Documents\JAVA\safetynet)
2025-09-17T12:32:07.786+02:00 DEBUG 16540 --- [safetynet] [main] c.o.safetynet.ChildAlertServiceTest      : Running with Spring Boot v3.5.5, Spring v6.2.10
2025-09-17T12:32:07.786+02:00  INFO 16540 --- [safetynet] [main] c.o.safetynet.ChildAlertServiceTest      : No active profile set, falling back to 1 default profile: "default"
2025-09-17T12:32:09.547+02:00  WARN 16540 --- [safetynet] [main] ion$DefaultTemplateResolverConfiguration : Cannot find template location: classpath:/templates/ (please add some templates, check your Thymeleaf configuration, or set spring.thymeleaf.check-template-location=false)
2025-09-17T12:32:09.649+02:00  INFO 16540 --- [safetynet] [main] c.o.safetynet.ChildAlertServiceTest      : Started ChildAlertServiceTest in 2.432 seconds (process running for 4.291)
2025-09-17T12:32:10.917+02:00  INFO 16540 --- [safetynet] [main] o.s.mock.web.MockServletContext          : Initializing Spring TestDispatcherServlet ''
2025-09-17T12:32:10.919+02:00  INFO 16540 --- [safetynet] [main] o.s.t.web.servlet.TestDispatcherServlet  : Initializing Servlet ''
2025-09-17T12:32:10.919+02:00  INFO 16540 --- [safetynet] [main] o.s.t.web.servlet.TestDispatcherServlet  : Completed initialization in 0 ms
2025-09-17T12:32:11.132+02:00  INFO 16540 --- [safetynet] [main] c.o.s.controller.PersonController        : PUT method called with lastName=Smith
2025-09-17T12:32:11.214+02:00  INFO 16540 --- [safetynet] [main] o.s.mock.web.MockServletContext          : Initializing Spring TestDispatcherServlet ''
2025-09-17T12:32:11.216+02:00  INFO 16540 --- [safetynet] [main] o.s.t.web.servlet.TestDispatcherServlet  : Initializing Servlet ''
2025-09-17T12:32:11.216+02:00  INFO 16540 --- [safetynet] [main] o.s.t.web.servlet.TestDispatcherServlet  : Completed initialization in 0 ms
2025-09-17T12:32:11.229+02:00  INFO 16540 --- [safetynet] [main] c.o.s.controller.PersonController        : GET method called with lastName=Doe
2025-09-17T12:32:11.353+02:00  INFO 16540 --- [safetynet] [main] t.c.s.AnnotationConfigContextLoaderUtils : Could not detect default configuration classes for test class [com.openclassrooms.safetynet.integration.RootRepositoryTest]: RootRepositoryTest does not declare any static, non-private, non-final, nested classes annotated with @Configuration.
2025-09-17T12:32:11.367+02:00  INFO 16540 --- [safetynet] [main] .b.t.c.SpringBootTestContextBootstrapper : Found @SpringBootConfiguration com.openclassrooms.safetynet.SafetynetApplication for test class com.openclassrooms.safetynet.integration.RootRepositoryTest
2025-09-17T12:32:11.772+02:00 ERROR 16540 --- [safetynet] [main] c.o.safetynet.repository.RootRepository  : File data.json not found, reading from the original file in resources.
2025-09-17T12:32:11.862+02:00  INFO 16540 --- [safetynet] [main] t.c.s.AnnotationConfigContextLoaderUtils : Could not detect default configuration classes for test class [com.openclassrooms.safetynet.SafetynetApplicationTests]: SafetynetApplicationTests does not declare any static, non-private, non-final, nested classes annotated with @Configuration.
2025-09-17T12:32:11.865+02:00  INFO 16540 --- [safetynet] [main] .b.t.c.SpringBootTestContextBootstrapper : Found @SpringBootConfiguration com.openclassrooms.safetynet.SafetynetApplication for test class com.openclassrooms.safetynet.SafetynetApplicationTests
2025-09-17T12:39:41.498+02:00  INFO 38264 --- [safetynet] [main] c.o.s.integration.RootRepositoryTest     : Starting RootRepositoryTest using Java 22 with PID 38264 (started by Samuel in C:\Users\Samuel\Documents\JAVA\safetynet)
2025-09-17T12:39:41.499+02:00 DEBUG 38264 --- [safetynet] [main] c.o.s.integration.RootRepositoryTest     : Running with Spring Boot v3.5.5, Spring v6.2.10
2025-09-17T12:39:41.500+02:00  INFO 38264 --- [safetynet] [main] c.o.s.integration.RootRepositoryTest     : No active profile set, falling back to 1 default profile: "default"
2025-09-17T12:39:42.878+02:00  WARN 38264 --- [safetynet] [main] ion$DefaultTemplateResolverConfiguration : Cannot find template location: classpath:/templates/ (please add some templates, check your Thymeleaf configuration, or set spring.thymeleaf.check-template-location=false)
2025-09-17T12:39:42.957+02:00  INFO 38264 --- [safetynet] [main] c.o.s.integration.RootRepositoryTest     : Started RootRepositoryTest in 1.942 seconds (process running for 6.303)
2025-09-17T12:39:43.344+02:00 ERROR 38264 --- [safetynet] [main] c.o.safetynet.repository.RootRepository  : File data.json not found, reading from the original file in resources.
2025-09-17T12:39:43.415+02:00  INFO 38264 --- [safetynet] [main] t.c.s.AnnotationConfigContextLoaderUtils : Could not detect default configuration classes for test class [com.openclassrooms.safetynet.SafetynetApplicationTests]: SafetynetApplicationTests does not declare any static, non-private, non-final, nested classes annotated with @Configuration.
2025-09-17T12:39:43.422+02:00  INFO 38264 --- [safetynet] [main] .b.t.c.SpringBootTestContextBootstrapper : Found @SpringBootConfiguration com.openclassrooms.safetynet.SafetynetApplication for test class com.openclassrooms.safetynet.SafetynetApplicationTests
2025-09-17T12:39:53.725+02:00  INFO 35756 --- [safetynet] [main] c.o.s.integration.RootRepositoryTest     : Starting RootRepositoryTest using Java 22 with PID 35756 (started by Samuel in C:\Users\Samuel\Documents\JAVA\safetynet)
2025-09-17T12:39:53.726+02:00 DEBUG 35756 --- [safetynet] [main] c.o.s.integration.RootRepositoryTest     : Running with Spring Boot v3.5.5, Spring v6.2.10
2025-09-17T12:39:53.727+02:00  INFO 35756 --- [safetynet] [main] c.o.s.integration.RootRepositoryTest     : No active profile set, falling back to 1 default profile: "default"
2025-09-17T12:39:55.032+02:00  WARN 35756 --- [safetynet] [main] ion$DefaultTemplateResolverConfiguration : Cannot find template location: classpath:/templates/ (please add some templates, check your Thymeleaf configuration, or set spring.thymeleaf.check-template-location=false)
2025-09-17T12:39:55.114+02:00  INFO 35756 --- [safetynet] [main] c.o.s.integration.RootRepositoryTest     : Started RootRepositoryTest in 1.874 seconds (process running for 6.243)
2025-09-17T12:39:55.493+02:00 ERROR 35756 --- [safetynet] [main] c.o.safetynet.repository.RootRepository  : File data.json not found, reading from the original file in resources.
2025-09-17T12:39:55.566+02:00  INFO 35756 --- [safetynet] [main] t.c.s.AnnotationConfigContextLoaderUtils : Could not detect default configuration classes for test class [com.openclassrooms.safetynet.SafetynetApplicationTests]: SafetynetApplicationTests does not declare any static, non-private, non-final, nested classes annotated with @Configuration.
2025-09-17T12:39:55.575+02:00  INFO 35756 --- [safetynet] [main] .b.t.c.SpringBootTestContextBootstrapper : Found @SpringBootConfiguration com.openclassrooms.safetynet.SafetynetApplication for test class com.openclassrooms.safetynet.SafetynetApplicationTests
2025-09-17T12:41:35.868+02:00  INFO 28836 --- [safetynet] [main] c.o.safetynet.SafetynetApplication       : Starting SafetynetApplication using Java 17.0.15 with PID 28836 (C:\Users\Samuel\Documents\JAVA\safetynet\target\classes started by Samuel in C:\Users\Samuel\Documents\JAVA\safetynet)
2025-09-17T12:41:35.870+02:00 DEBUG 28836 --- [safetynet] [main] c.o.safetynet.SafetynetApplication       : Running with Spring Boot v3.5.5, Spring v6.2.10
2025-09-17T12:41:35.872+02:00  INFO 28836 --- [safetynet] [main] c.o.safetynet.SafetynetApplication       : No active profile set, falling back to 1 default profile: "default"
2025-09-17T12:41:36.936+02:00  INFO 28836 --- [safetynet] [main] o.s.b.w.embedded.tomcat.TomcatWebServer  : Tomcat initialized with port 8080 (http)
2025-09-17T12:41:36.949+02:00  INFO 28836 --- [safetynet] [main] o.apache.catalina.core.StandardService   : Starting service [Tomcat]
2025-09-17T12:41:36.949+02:00  INFO 28836 --- [safetynet] [main] o.apache.catalina.core.StandardEngine    : Starting Servlet engine: [Apache Tomcat/10.1.44]
2025-09-17T12:41:37.002+02:00  INFO 28836 --- [safetynet] [main] o.a.c.c.C.[Tomcat].[localhost].[/]       : Initializing Spring embedded WebApplicationContext
2025-09-17T12:41:37.003+02:00  INFO 28836 --- [safetynet] [main] w.s.c.ServletWebServerApplicationContext : Root WebApplicationContext: initialization completed in 1089 ms
2025-09-17T12:41:37.492+02:00  WARN 28836 --- [safetynet] [main] ion$DefaultTemplateResolverConfiguration : Cannot find template location: classpath:/templates/ (please add some templates, check your Thymeleaf configuration, or set spring.thymeleaf.check-template-location=false)
2025-09-17T12:41:37.596+02:00  INFO 28836 --- [safetynet] [main] o.s.b.w.embedded.tomcat.TomcatWebServer  : Tomcat started on port 8080 (http) with context path '/'
2025-09-17T12:41:37.606+02:00  INFO 28836 --- [safetynet] [main] c.o.safetynet.SafetynetApplication       : Started SafetynetApplication in 2.205 seconds (process running for 2.489)
2025-09-17T12:41:45.198+02:00  INFO 28836 --- [safetynet] [http-nio-8080-exec-1] o.a.c.c.C.[Tomcat].[localhost].[/]       : Initializing Spring DispatcherServlet 'dispatcherServlet'
2025-09-17T12:41:45.199+02:00  INFO 28836 --- [safetynet] [http-nio-8080-exec-1] o.s.web.servlet.DispatcherServlet        : Initializing Servlet 'dispatcherServlet'
2025-09-17T12:41:45.199+02:00  INFO 28836 --- [safetynet] [http-nio-8080-exec-1] o.s.web.servlet.DispatcherServlet        : Completed initialization in 0 ms
2025-09-17T12:41:45.242+02:00  INFO 28836 --- [safetynet] [http-nio-8080-exec-1] c.o.s.controller.FirestationController   : POST method called for the firestation: Firestation(address=123 sesame street, station=4)
2025-09-17T12:41:50.035+02:00  INFO 28836 --- [safetynet] [http-nio-8080-exec-4] c.o.s.controller.FirestationController   : DELETE method called for the firestation: Firestation(address=123 sesame street, station=3)
2025-09-17T12:41:55.995+02:00  INFO 28836 --- [safetynet] [http-nio-8080-exec-3] c.o.s.controller.FirestationController   : POST method called for the firestation: Firestation(address=123 sesame street, station=4)
2025-09-17T12:41:56.001+02:00 ERROR 28836 --- [safetynet] [http-nio-8080-exec-3] o.a.c.c.C.[.[.[/].[dispatcherServlet]    : Servlet.service() for servlet [dispatcherServlet] in context with path [] threw exception [Request processing failed: java.lang.RuntimeException: The firestation is already inside the database] with root cause

java.lang.RuntimeException: The firestation is already inside the database
	at com.openclassrooms.safetynet.service.FirestationService.addFirestation(FirestationService.java:50) ~[classes/:na]
	at com.openclassrooms.safetynet.controller.FirestationController.addFirestation(FirestationController.java:33) ~[classes/:na]
	at java.base/jdk.internal.reflect.NativeMethodAccessorImpl.invoke0(Native Method) ~[na:na]
	at java.base/jdk.internal.reflect.NativeMethodAccessorImpl.invoke(NativeMethodAccessorImpl.java:77) ~[na:na]
	at java.base/jdk.internal.reflect.DelegatingMethodAccessorImpl.invoke(DelegatingMethodAccessorImpl.java:43) ~[na:na]
	at java.base/java.lang.reflect.Method.invoke(Method.java:569) ~[na:na]
	at org.springframework.web.method.support.InvocableHandlerMethod.doInvoke(InvocableHandlerMethod.java:258) ~[spring-web-6.2.10.jar:6.2.10]
	at org.springframework.web.method.support.InvocableHandlerMethod.invokeForRequest(InvocableHandlerMethod.java:191) ~[spring-web-6.2.10.jar:6.2.10]
	at org.springframework.web.servlet.mvc.method.annotation.ServletInvocableHandlerMethod.invokeAndHandle(ServletInvocableHandlerMethod.java:118) ~[spring-webmvc-6.2.10.jar:6.2.10]
	at org.springframework.web.servlet.mvc.method.annotation.RequestMappingHandlerAdapter.invokeHandlerMethod(RequestMappingHandlerAdapter.java:991) ~[spring-webmvc-6.2.10.jar:6.2.10]
	at org.springframework.web.servlet.mvc.method.annotation.RequestMappingHandlerAdapter.handleInternal(RequestMappingHandlerAdapter.java:896) ~[spring-webmvc-6.2.10.jar:6.2.10]
	at org.springframework.web.servlet.mvc.method.AbstractHandlerMethodAdapter.handle(AbstractHandlerMethodAdapter.java:87) ~[spring-webmvc-6.2.10.jar:6.2.10]
	at org.springframework.web.servlet.DispatcherServlet.doDispatch(DispatcherServlet.java:1089) ~[spring-webmvc-6.2.10.jar:6.2.10]
	at org.springframework.web.servlet.DispatcherServlet.doService(DispatcherServlet.java:979) ~[spring-webmvc-6.2.10.jar:6.2.10]
	at org.springframework.web.servlet.FrameworkServlet.processRequest(FrameworkServlet.java:1014) ~[spring-webmvc-6.2.10.jar:6.2.10]
	at org.springframework.web.servlet.FrameworkServlet.doPost(FrameworkServlet.java:914) ~[spring-webmvc-6.2.10.jar:6.2.10]
	at jakarta.servlet.http.HttpServlet.service(HttpServlet.java:590) ~[tomcat-embed-core-10.1.44.jar:6.0]
	at org.springframework.web.servlet.FrameworkServlet.service(FrameworkServlet.java:885) ~[spring-webmvc-6.2.10.jar:6.2.10]
	at jakarta.servlet.http.HttpServlet.service(HttpServlet.java:658) ~[tomcat-embed-core-10.1.44.jar:6.0]
	at org.apache.catalina.core.ApplicationFilterChain.internalDoFilter(ApplicationFilterChain.java:195) ~[tomcat-embed-core-10.1.44.jar:10.1.44]
	at org.apache.catalina.core.ApplicationFilterChain.doFilter(ApplicationFilterChain.java:140) ~[tomcat-embed-core-10.1.44.jar:10.1.44]
	at org.apache.tomcat.websocket.server.WsFilter.doFilter(WsFilter.java:51) ~[tomcat-embed-websocket-10.1.44.jar:10.1.44]
	at org.apache.catalina.core.ApplicationFilterChain.internalDoFilter(ApplicationFilterChain.java:164) ~[tomcat-embed-core-10.1.44.jar:10.1.44]
	at org.apache.catalina.core.ApplicationFilterChain.doFilter(ApplicationFilterChain.java:140) ~[tomcat-embed-core-10.1.44.jar:10.1.44]
	at org.springframework.web.filter.RequestContextFilter.doFilterInternal(RequestContextFilter.java:100) ~[spring-web-6.2.10.jar:6.2.10]
	at org.springframework.web.filter.OncePerRequestFilter.doFilter(OncePerRequestFilter.java:116) ~[spring-web-6.2.10.jar:6.2.10]
	at org.apache.catalina.core.ApplicationFilterChain.internalDoFilter(ApplicationFilterChain.java:164) ~[tomcat-embed-core-10.1.44.jar:10.1.44]
	at org.apache.catalina.core.ApplicationFilterChain.doFilter(ApplicationFilterChain.java:140) ~[tomcat-embed-core-10.1.44.jar:10.1.44]
	at org.springframework.web.filter.FormContentFilter.doFilterInternal(FormContentFilter.java:93) ~[spring-web-6.2.10.jar:6.2.10]
	at org.springframework.web.filter.OncePerRequestFilter.doFilter(OncePerRequestFilter.java:116) ~[spring-web-6.2.10.jar:6.2.10]
	at org.apache.catalina.core.ApplicationFilterChain.internalDoFilter(ApplicationFilterChain.java:164) ~[tomcat-embed-core-10.1.44.jar:10.1.44]
	at org.apache.catalina.core.ApplicationFilterChain.doFilter(ApplicationFilterChain.java:140) ~[tomcat-embed-core-10.1.44.jar:10.1.44]
	at org.springframework.web.filter.CharacterEncodingFilter.doFilterInternal(CharacterEncodingFilter.java:201) ~[spring-web-6.2.10.jar:6.2.10]
	at org.springframework.web.filter.OncePerRequestFilter.doFilter(OncePerRequestFilter.java:116) ~[spring-web-6.2.10.jar:6.2.10]
	at org.apache.catalina.core.ApplicationFilterChain.internalDoFilter(ApplicationFilterChain.java:164) ~[tomcat-embed-core-10.1.44.jar:10.1.44]
	at org.apache.catalina.core.ApplicationFilterChain.doFilter(ApplicationFilterChain.java:140) ~[tomcat-embed-core-10.1.44.jar:10.1.44]
	at org.apache.catalina.core.StandardWrapperValve.invoke(StandardWrapperValve.java:167) ~[tomcat-embed-core-10.1.44.jar:10.1.44]
	at org.apache.catalina.core.StandardContextValve.invoke(StandardContextValve.java:90) ~[tomcat-embed-core-10.1.44.jar:10.1.44]
	at org.apache.catalina.authenticator.AuthenticatorBase.invoke(AuthenticatorBase.java:483) ~[tomcat-embed-core-10.1.44.jar:10.1.44]
	at org.apache.catalina.core.StandardHostValve.invoke(StandardHostValve.java:116) ~[tomcat-embed-core-10.1.44.jar:10.1.44]
	at org.apache.catalina.valves.ErrorReportValve.invoke(ErrorReportValve.java:93) ~[tomcat-embed-core-10.1.44.jar:10.1.44]
	at org.apache.catalina.core.StandardEngineValve.invoke(StandardEngineValve.java:74) ~[tomcat-embed-core-10.1.44.jar:10.1.44]
	at org.apache.catalina.connector.CoyoteAdapter.service(CoyoteAdapter.java:344) ~[tomcat-embed-core-10.1.44.jar:10.1.44]
	at org.apache.coyote.http11.Http11Processor.service(Http11Processor.java:398) ~[tomcat-embed-core-10.1.44.jar:10.1.44]
	at org.apache.coyote.AbstractProcessorLight.process(AbstractProcessorLight.java:63) ~[tomcat-embed-core-10.1.44.jar:10.1.44]
	at org.apache.coyote.AbstractProtocol$ConnectionHandler.process(AbstractProtocol.java:903) ~[tomcat-embed-core-10.1.44.jar:10.1.44]
	at org.apache.tomcat.util.net.NioEndpoint$SocketProcessor.doRun(NioEndpoint.java:1769) ~[tomcat-embed-core-10.1.44.jar:10.1.44]
	at org.apache.tomcat.util.net.SocketProcessorBase.run(SocketProcessorBase.java:52) ~[tomcat-embed-core-10.1.44.jar:10.1.44]
	at org.apache.tomcat.util.threads.ThreadPoolExecutor.runWorker(ThreadPoolExecutor.java:1189) ~[tomcat-embed-core-10.1.44.jar:10.1.44]
	at org.apache.tomcat.util.threads.ThreadPoolExecutor$Worker.run(ThreadPoolExecutor.java:658) ~[tomcat-embed-core-10.1.44.jar:10.1.44]
	at org.apache.tomcat.util.threads.TaskThread$WrappingRunnable.run(TaskThread.java:63) ~[tomcat-embed-core-10.1.44.jar:10.1.44]
	at java.base/java.lang.Thread.run(Thread.java:840) ~[na:na]

2025-09-17T12:43:19.340+02:00  INFO 28836 --- [safetynet] [http-nio-8080-exec-2] c.o.s.controller.FirestationController   : DELETE method called for the firestation: Firestation(address=123 sesame street, station=3)
2025-09-17T12:44:26.284+02:00  INFO 28836 --- [safetynet] [http-nio-8080-exec-10] c.o.s.controller.PersonController        : POST method called with lastName=Kirkland
2025-09-17T12:45:09.775+02:00  INFO 28836 --- [safetynet] [http-nio-8080-exec-9] c.o.s.controller.PersonController        : PUT method called with lastName=Kirkland
2025-09-17T12:45:54.631+02:00  INFO 28836 --- [safetynet] [http-nio-8080-exec-6] c.o.s.controller.PersonController        : DELETE method called with lastName=Kirkland
2025-09-17T12:46:06.356+02:00  INFO 28836 --- [safetynet] [http-nio-8080-exec-1] c.o.s.controller.PersonController        : GET method called with lastName=Boyd
2025-09-17T12:48:38.006+02:00  INFO 28836 --- [safetynet] [http-nio-8080-exec-7] c.o.s.controller.FirestationController   : POST method called for the firestation: Firestation(address=123 sesame street, station=4)
2025-09-17T12:48:38.008+02:00 ERROR 28836 --- [safetynet] [http-nio-8080-exec-7] o.a.c.c.C.[.[.[/].[dispatcherServlet]    : Servlet.service() for servlet [dispatcherServlet] in context with path [] threw exception [Request processing failed: java.lang.RuntimeException: The firestation is already inside the database] with root cause

java.lang.RuntimeException: The firestation is already inside the database
	at com.openclassrooms.safetynet.service.FirestationService.addFirestation(FirestationService.java:50) ~[classes/:na]
	at com.openclassrooms.safetynet.controller.FirestationController.addFirestation(FirestationController.java:33) ~[classes/:na]
	at java.base/jdk.internal.reflect.NativeMethodAccessorImpl.invoke0(Native Method) ~[na:na]
	at java.base/jdk.internal.reflect.NativeMethodAccessorImpl.invoke(NativeMethodAccessorImpl.java:77) ~[na:na]
	at java.base/jdk.internal.reflect.DelegatingMethodAccessorImpl.invoke(DelegatingMethodAccessorImpl.java:43) ~[na:na]
	at java.base/java.lang.reflect.Method.invoke(Method.java:569) ~[na:na]
	at org.springframework.web.method.support.InvocableHandlerMethod.doInvoke(InvocableHandlerMethod.java:258) ~[spring-web-6.2.10.jar:6.2.10]
	at org.springframework.web.method.support.InvocableHandlerMethod.invokeForRequest(InvocableHandlerMethod.java:191) ~[spring-web-6.2.10.jar:6.2.10]
	at org.springframework.web.servlet.mvc.method.annotation.ServletInvocableHandlerMethod.invokeAndHandle(ServletInvocableHandlerMethod.java:118) ~[spring-webmvc-6.2.10.jar:6.2.10]
	at org.springframework.web.servlet.mvc.method.annotation.RequestMappingHandlerAdapter.invokeHandlerMethod(RequestMappingHandlerAdapter.java:991) ~[spring-webmvc-6.2.10.jar:6.2.10]
	at org.springframework.web.servlet.mvc.method.annotation.RequestMappingHandlerAdapter.handleInternal(RequestMappingHandlerAdapter.java:896) ~[spring-webmvc-6.2.10.jar:6.2.10]
	at org.springframework.web.servlet.mvc.method.AbstractHandlerMethodAdapter.handle(AbstractHandlerMethodAdapter.java:87) ~[spring-webmvc-6.2.10.jar:6.2.10]
	at org.springframework.web.servlet.DispatcherServlet.doDispatch(DispatcherServlet.java:1089) ~[spring-webmvc-6.2.10.jar:6.2.10]
	at org.springframework.web.servlet.DispatcherServlet.doService(DispatcherServlet.java:979) ~[spring-webmvc-6.2.10.jar:6.2.10]
	at org.springframework.web.servlet.FrameworkServlet.processRequest(FrameworkServlet.java:1014) ~[spring-webmvc-6.2.10.jar:6.2.10]
	at org.springframework.web.servlet.FrameworkServlet.doPost(FrameworkServlet.java:914) ~[spring-webmvc-6.2.10.jar:6.2.10]
	at jakarta.servlet.http.HttpServlet.service(HttpServlet.java:590) ~[tomcat-embed-core-10.1.44.jar:6.0]
	at org.springframework.web.servlet.FrameworkServlet.service(FrameworkServlet.java:885) ~[spring-webmvc-6.2.10.jar:6.2.10]
	at jakarta.servlet.http.HttpServlet.service(HttpServlet.java:658) ~[tomcat-embed-core-10.1.44.jar:6.0]
	at org.apache.catalina.core.ApplicationFilterChain.internalDoFilter(ApplicationFilterChain.java:195) ~[tomcat-embed-core-10.1.44.jar:10.1.44]
	at org.apache.catalina.core.ApplicationFilterChain.doFilter(ApplicationFilterChain.java:140) ~[tomcat-embed-core-10.1.44.jar:10.1.44]
	at org.apache.tomcat.websocket.server.WsFilter.doFilter(WsFilter.java:51) ~[tomcat-embed-websocket-10.1.44.jar:10.1.44]
	at org.apache.catalina.core.ApplicationFilterChain.internalDoFilter(ApplicationFilterChain.java:164) ~[tomcat-embed-core-10.1.44.jar:10.1.44]
	at org.apache.catalina.core.ApplicationFilterChain.doFilter(ApplicationFilterChain.java:140) ~[tomcat-embed-core-10.1.44.jar:10.1.44]
	at org.springframework.web.filter.RequestContextFilter.doFilterInternal(RequestContextFilter.java:100) ~[spring-web-6.2.10.jar:6.2.10]
	at org.springframework.web.filter.OncePerRequestFilter.doFilter(OncePerRequestFilter.java:116) ~[spring-web-6.2.10.jar:6.2.10]
	at org.apache.catalina.core.ApplicationFilterChain.internalDoFilter(ApplicationFilterChain.java:164) ~[tomcat-embed-core-10.1.44.jar:10.1.44]
	at org.apache.catalina.core.ApplicationFilterChain.doFilter(ApplicationFilterChain.java:140) ~[tomcat-embed-core-10.1.44.jar:10.1.44]
	at org.springframework.web.filter.FormContentFilter.doFilterInternal(FormContentFilter.java:93) ~[spring-web-6.2.10.jar:6.2.10]
	at org.springframework.web.filter.OncePerRequestFilter.doFilter(OncePerRequestFilter.java:116) ~[spring-web-6.2.10.jar:6.2.10]
	at org.apache.catalina.core.ApplicationFilterChain.internalDoFilter(ApplicationFilterChain.java:164) ~[tomcat-embed-core-10.1.44.jar:10.1.44]
	at org.apache.catalina.core.ApplicationFilterChain.doFilter(ApplicationFilterChain.java:140) ~[tomcat-embed-core-10.1.44.jar:10.1.44]
	at org.springframework.web.filter.CharacterEncodingFilter.doFilterInternal(CharacterEncodingFilter.java:201) ~[spring-web-6.2.10.jar:6.2.10]
	at org.springframework.web.filter.OncePerRequestFilter.doFilter(OncePerRequestFilter.java:116) ~[spring-web-6.2.10.jar:6.2.10]
	at org.apache.catalina.core.ApplicationFilterChain.internalDoFilter(ApplicationFilterChain.java:164) ~[tomcat-embed-core-10.1.44.jar:10.1.44]
	at org.apache.catalina.core.ApplicationFilterChain.doFilter(ApplicationFilterChain.java:140) ~[tomcat-embed-core-10.1.44.jar:10.1.44]
	at org.apache.catalina.core.StandardWrapperValve.invoke(StandardWrapperValve.java:167) ~[tomcat-embed-core-10.1.44.jar:10.1.44]
	at org.apache.catalina.core.StandardContextValve.invoke(StandardContextValve.java:90) ~[tomcat-embed-core-10.1.44.jar:10.1.44]
	at org.apache.catalina.authenticator.AuthenticatorBase.invoke(AuthenticatorBase.java:483) ~[tomcat-embed-core-10.1.44.jar:10.1.44]
	at org.apache.catalina.core.StandardHostValve.invoke(StandardHostValve.java:116) ~[tomcat-embed-core-10.1.44.jar:10.1.44]
	at org.apache.catalina.valves.ErrorReportValve.invoke(ErrorReportValve.java:93) ~[tomcat-embed-core-10.1.44.jar:10.1.44]
	at org.apache.catalina.core.StandardEngineValve.invoke(StandardEngineValve.java:74) ~[tomcat-embed-core-10.1.44.jar:10.1.44]
	at org.apache.catalina.connector.CoyoteAdapter.service(CoyoteAdapter.java:344) ~[tomcat-embed-core-10.1.44.jar:10.1.44]
	at org.apache.coyote.http11.Http11Processor.service(Http11Processor.java:398) ~[tomcat-embed-core-10.1.44.jar:10.1.44]
	at org.apache.coyote.AbstractProcessorLight.process(AbstractProcessorLight.java:63) ~[tomcat-embed-core-10.1.44.jar:10.1.44]
	at org.apache.coyote.AbstractProtocol$ConnectionHandler.process(AbstractProtocol.java:903) ~[tomcat-embed-core-10.1.44.jar:10.1.44]
	at org.apache.tomcat.util.net.NioEndpoint$SocketProcessor.doRun(NioEndpoint.java:1769) ~[tomcat-embed-core-10.1.44.jar:10.1.44]
	at org.apache.tomcat.util.net.SocketProcessorBase.run(SocketProcessorBase.java:52) ~[tomcat-embed-core-10.1.44.jar:10.1.44]
	at org.apache.tomcat.util.threads.ThreadPoolExecutor.runWorker(ThreadPoolExecutor.java:1189) ~[tomcat-embed-core-10.1.44.jar:10.1.44]
	at org.apache.tomcat.util.threads.ThreadPoolExecutor$Worker.run(ThreadPoolExecutor.java:658) ~[tomcat-embed-core-10.1.44.jar:10.1.44]
	at org.apache.tomcat.util.threads.TaskThread$WrappingRunnable.run(TaskThread.java:63) ~[tomcat-embed-core-10.1.44.jar:10.1.44]
	at java.base/java.lang.Thread.run(Thread.java:840) ~[na:na]

2025-09-17T17:06:48.636+02:00  INFO 28836 --- [safetynet] [http-nio-8080-exec-10] c.o.s.controller.FirestationController   : POST method called for the firestation: Firestation(address=null, station=0)
2025-09-17T17:16:57.756+02:00  INFO 28836 --- [safetynet] [http-nio-8080-exec-1] c.o.s.controller.FirestationController   : DELETE method called for the firestation: Firestation(address=123 sesame street, station=4)
2025-09-17T17:45:03.103+02:00  INFO 28836 --- [safetynet] [http-nio-8080-exec-5] c.o.s.controller.FirestationController   : POST method called for the firestation: Firestation(address=123 sesame street, station=4)
2025-09-17T17:46:54.179+02:00  INFO 28836 --- [safetynet] [http-nio-8080-exec-7] c.o.s.controller.FirestationController   : DELETE method called for the firestation: Firestation(address=123 sesame street, station=4)
2025-09-17T17:47:04.569+02:00  INFO 28836 --- [safetynet] [http-nio-8080-exec-10] c.o.s.controller.FirestationController   : DELETE method called for the firestation: Firestation(address=null, station=0)
2025-09-17T17:47:22.746+02:00  INFO 28836 --- [safetynet] [http-nio-8080-exec-9] c.o.s.controller.FirestationController   : POST method called for the firestation: Firestation(address=123 sesame street, station=4)
2025-09-17T17:47:40.886+02:00  INFO 28836 --- [safetynet] [http-nio-8080-exec-6] c.o.s.controller.FirestationController   : PUT method called for the firestation: Firestation(address=123 sesame street, station=5)
2025-09-17T17:47:51.372+02:00  INFO 28836 --- [safetynet] [http-nio-8080-exec-1] c.o.s.controller.FirestationController   : PUT method called for the firestation: Firestation(address=123 sesame street, station=4)
2025-09-17T17:48:04.430+02:00  INFO 28836 --- [safetynet] [http-nio-8080-exec-4] c.o.s.controller.FirestationController   : DELETE method called for the firestation: Firestation(address=123 sesame street, station=4)
2025-09-17T17:48:41.442+02:00  INFO 28836 --- [safetynet] [http-nio-8080-exec-3] c.o.s.controller.PersonController        : POST method called with lastName=Kirkland
2025-09-17T17:48:52.007+02:00  INFO 28836 --- [safetynet] [http-nio-8080-exec-5] c.o.s.controller.PersonController        : PUT method called with lastName=Kirkland
2025-09-17T17:49:01.511+02:00  INFO 28836 --- [safetynet] [http-nio-8080-exec-2] c.o.s.controller.PersonController        : DELETE method called with lastName=Kirkland
2025-09-17T17:49:17.274+02:00  INFO 28836 --- [safetynet] [http-nio-8080-exec-8] c.o.s.controller.PersonController        : GET method called with lastName=Boyd
